<?xml version="1.0" encoding="UTF-8"?>
<coverage generated="1712825826203" clover="3.2.0">
  <project timestamp="1712825826203" name="All files">
    <metrics statements="48" coveredstatements="39" conditionals="16" coveredconditionals="15" methods="4" coveredmethods="3" elements="68" coveredelements="57" complexity="0" loc="48" ncloc="48" packages="2" files="2" classes="2"/>
    <package name="src">
      <metrics statements="9" coveredstatements="0" conditionals="1" coveredconditionals="0" methods="1" coveredmethods="0"/>
      <file name="main.jsx" path="E:\allegro\frontend\2024-04-11\zad2\umk-testing-workshop\src\main.jsx">
        <metrics statements="9" coveredstatements="0" conditionals="1" coveredconditionals="0" methods="1" coveredmethods="0"/>
        <line num="1" count="0" type="cond" truecount="0" falsecount="1"/>
        <line num="2" count="0" type="stmt"/>
        <line num="3" count="0" type="stmt"/>
        <line num="4" count="0" type="stmt"/>
        <line num="5" count="0" type="stmt"/>
        <line num="6" count="0" type="stmt"/>
        <line num="7" count="0" type="stmt"/>
        <line num="8" count="0" type="stmt"/>
        <line num="9" count="0" type="stmt"/>
      </file>
    </package>
    <package name="src.components">
      <metrics statements="39" coveredstatements="39" conditionals="15" coveredconditionals="15" methods="3" coveredmethods="3"/>
      <file name="AdultValidator.jsx" path="E:\allegro\frontend\2024-04-11\zad2\umk-testing-workshop\src\components\AdultValidator.jsx">
        <metrics statements="39" coveredstatements="39" conditionals="15" coveredconditionals="15" methods="3" coveredmethods="3"/>
        <line num="1" count="1" type="stmt"/>
        <line num="2" count="1" type="stmt"/>
        <line num="3" count="1" type="cond" truecount="1" falsecount="0"/>
        <line num="4" count="27" type="stmt"/>
        <line num="5" count="27" type="stmt"/>
        <line num="6" count="27" type="stmt"/>
        <line num="7" count="27" type="cond" truecount="1" falsecount="0"/>
        <line num="8" count="1" type="stmt"/>
        <line num="9" count="1" type="cond" truecount="1" falsecount="0"/>
        <line num="10" count="26" type="stmt"/>
        <line num="11" count="26" type="cond" truecount="1" falsecount="0"/>
        <line num="12" count="25" type="cond" truecount="2" falsecount="0"/>
        <line num="13" count="16" type="stmt"/>
        <line num="14" count="16" type="stmt"/>
        <line num="15" count="16" type="stmt"/>
        <line num="16" count="25" type="stmt"/>
        <line num="17" count="26" type="stmt"/>
        <line num="18" count="26" type="cond" truecount="1" falsecount="0"/>
        <line num="19" count="10" type="cond" truecount="1" falsecount="0"/>
        <line num="20" count="4" type="stmt"/>
        <line num="21" count="4" type="cond" truecount="1" falsecount="0"/>
        <line num="22" count="10" type="cond" truecount="1" falsecount="0"/>
        <line num="23" count="2" type="stmt"/>
        <line num="24" count="2" type="cond" truecount="1" falsecount="0"/>
        <line num="25" count="4" type="stmt"/>
        <line num="26" count="10" type="stmt"/>
        <line num="27" count="26" type="stmt"/>
        <line num="28" count="27" type="cond" truecount="1" falsecount="0"/>
        <line num="29" count="27" type="stmt"/>
        <line num="30" count="27" type="stmt"/>
        <line num="31" count="27" type="stmt"/>
        <line num="32" count="27" type="stmt"/>
        <line num="33" count="27" type="stmt"/>
        <line num="34" count="27" type="cond" truecount="3" falsecount="0"/>
        <line num="35" count="27" type="stmt"/>
        <line num="36" count="27" type="stmt"/>
        <line num="37" count="27" type="stmt"/>
        <line num="38" count="1" type="stmt"/>
        <line num="39" count="1" type="stmt"/>
      </file>
    </package>
  </project>
</coverage>
