{"E:\\allegro\\frontend\\2024-04-11\\zad2\\umk-testing-workshop\\src\\main.jsx": {"path":"E:\\allegro\\frontend\\2024-04-11\\zad2\\umk-testing-workshop\\src\\main.jsx","all":true,"statementMap":{"0":{"start":{"line":1,"column":0},"end":{"line":1,"column":25}},"1":{"start":{"line":2,"column":0},"end":{"line":2,"column":39}},"2":{"start":{"line":3,"column":0},"end":{"line":3,"column":63}},"3":{"start":{"line":4,"column":0},"end":{"line":4,"column":0}},"4":{"start":{"line":5,"column":0},"end":{"line":5,"column":60}},"5":{"start":{"line":6,"column":0},"end":{"line":6,"column":20}},"6":{"start":{"line":7,"column":0},"end":{"line":7,"column":22}},"7":{"start":{"line":8,"column":0},"end":{"line":8,"column":22}},"8":{"start":{"line":9,"column":0},"end":{"line":9,"column":1}}},"s":{"0":0,"1":0,"2":0,"3":0,"4":0,"5":0,"6":0,"7":0,"8":0},"branchMap":{"0":{"type":"branch","line":1,"loc":{"start":{"line":1,"column":0},"end":{"line":9,"column":1}},"locations":[{"start":{"line":1,"column":0},"end":{"line":9,"column":1}}]}},"b":{"0":[0]},"fnMap":{"0":{"name":"(empty-report)","decl":{"start":{"line":1,"column":0},"end":{"line":9,"column":1}},"loc":{"start":{"line":1,"column":0},"end":{"line":9,"column":1}},"line":1}},"f":{"0":0}}
,"E:\\allegro\\frontend\\2024-04-11\\zad2\\umk-testing-workshop\\src\\components\\AdultValidator.jsx": {"path":"E:\\allegro\\frontend\\2024-04-11\\zad2\\umk-testing-workshop\\src\\components\\AdultValidator.jsx","all":false,"statementMap":{"0":{"start":{"line":1,"column":0},"end":{"line":1,"column":40}},"1":{"start":{"line":2,"column":0},"end":{"line":2,"column":0}},"2":{"start":{"line":3,"column":0},"end":{"line":3,"column":73}},"3":{"start":{"line":4,"column":0},"end":{"line":4,"column":37}},"4":{"start":{"line":5,"column":0},"end":{"line":5,"column":54}},"5":{"start":{"line":6,"column":0},"end":{"line":6,"column":0}},"6":{"start":{"line":7,"column":0},"end":{"line":7,"column":22}},"7":{"start":{"line":8,"column":0},"end":{"line":8,"column":16}},"8":{"start":{"line":9,"column":0},"end":{"line":9,"column":3}},"9":{"start":{"line":10,"column":0},"end":{"line":10,"column":0}},"10":{"start":{"line":11,"column":0},"end":{"line":11,"column":51}},"11":{"start":{"line":12,"column":0},"end":{"line":12,"column":47}},"12":{"start":{"line":13,"column":0},"end":{"line":13,"column":20}},"13":{"start":{"line":14,"column":0},"end":{"line":14,"column":34}},"14":{"start":{"line":15,"column":0},"end":{"line":15,"column":5}},"15":{"start":{"line":16,"column":0},"end":{"line":16,"column":4}},"16":{"start":{"line":17,"column":0},"end":{"line":17,"column":0}},"17":{"start":{"line":18,"column":0},"end":{"line":18,"column":36}},"18":{"start":{"line":19,"column":0},"end":{"line":19,"column":20}},"19":{"start":{"line":20,"column":0},"end":{"line":20,"column":40}},"20":{"start":{"line":21,"column":0},"end":{"line":21,"column":5}},"21":{"start":{"line":22,"column":0},"end":{"line":22,"column":20}},"22":{"start":{"line":23,"column":0},"end":{"line":23,"column":38}},"23":{"start":{"line":24,"column":0},"end":{"line":24,"column":5}},"24":{"start":{"line":25,"column":0},"end":{"line":25,"column":58}},"25":{"start":{"line":26,"column":0},"end":{"line":26,"column":4}},"26":{"start":{"line":27,"column":0},"end":{"line":27,"column":0}},"27":{"start":{"line":28,"column":0},"end":{"line":28,"column":42}},"28":{"start":{"line":29,"column":0},"end":{"line":29,"column":0}},"29":{"start":{"line":30,"column":0},"end":{"line":30,"column":10}},"30":{"start":{"line":31,"column":0},"end":{"line":31,"column":9}},"31":{"start":{"line":32,"column":0},"end":{"line":32,"column":52}},"32":{"start":{"line":33,"column":0},"end":{"line":33,"column":71}},"33":{"start":{"line":34,"column":0},"end":{"line":34,"column":100}},"34":{"start":{"line":35,"column":0},"end":{"line":35,"column":10}},"35":{"start":{"line":36,"column":0},"end":{"line":36,"column":4}},"36":{"start":{"line":37,"column":0},"end":{"line":37,"column":2}},"37":{"start":{"line":38,"column":0},"end":{"line":38,"column":0}},"38":{"start":{"line":39,"column":0},"end":{"line":39,"column":26}}},"s":{"0":1,"1":1,"2":1,"3":27,"4":27,"5":27,"6":27,"7":1,"8":1,"9":26,"10":26,"11":25,"12":16,"13":16,"14":16,"15":25,"16":26,"17":26,"18":10,"19":4,"20":4,"21":10,"22":2,"23":2,"24":4,"25":10,"26":26,"27":27,"28":27,"29":27,"30":27,"31":27,"32":27,"33":27,"34":27,"35":27,"36":27,"37":1,"38":1},"branchMap":{"0":{"type":"branch","line":3,"loc":{"start":{"line":3,"column":23},"end":{"line":37,"column":2}},"locations":[{"start":{"line":3,"column":23},"end":{"line":37,"column":2}}]},"1":{"type":"branch","line":7,"loc":{"start":{"line":7,"column":21},"end":{"line":9,"column":3}},"locations":[{"start":{"line":7,"column":21},"end":{"line":9,"column":3}}]},"2":{"type":"branch","line":9,"loc":{"start":{"line":9,"column":2},"end":{"line":28,"column":31}},"locations":[{"start":{"line":9,"column":2},"end":{"line":28,"column":31}}]},"3":{"type":"branch","line":28,"loc":{"start":{"line":28,"column":25},"end":{"line":28,"column":42}},"locations":[{"start":{"line":28,"column":25},"end":{"line":28,"column":42}}]},"4":{"type":"branch","line":34,"loc":{"start":{"line":34,"column":7},"end":{"line":34,"column":100}},"locations":[{"start":{"line":34,"column":7},"end":{"line":34,"column":100}}]},"5":{"type":"branch","line":34,"loc":{"start":{"line":34,"column":40},"end":{"line":34,"column":72}},"locations":[{"start":{"line":34,"column":40},"end":{"line":34,"column":72}}]},"6":{"type":"branch","line":34,"loc":{"start":{"line":34,"column":50},"end":{"line":34,"column":93}},"locations":[{"start":{"line":34,"column":50},"end":{"line":34,"column":93}}]},"7":{"type":"branch","line":11,"loc":{"start":{"line":11,"column":23},"end":{"line":16,"column":4}},"locations":[{"start":{"line":11,"column":23},"end":{"line":16,"column":4}}]},"8":{"type":"branch","line":12,"loc":{"start":{"line":12,"column":27},"end":{"line":12,"column":46}},"locations":[{"start":{"line":12,"column":27},"end":{"line":12,"column":46}}]},"9":{"type":"branch","line":12,"loc":{"start":{"line":12,"column":46},"end":{"line":15,"column":5}},"locations":[{"start":{"line":12,"column":46},"end":{"line":15,"column":5}}]},"10":{"type":"branch","line":18,"loc":{"start":{"line":18,"column":29},"end":{"line":26,"column":4}},"locations":[{"start":{"line":18,"column":29},"end":{"line":26,"column":4}}]},"11":{"type":"branch","line":19,"loc":{"start":{"line":19,"column":19},"end":{"line":21,"column":5}},"locations":[{"start":{"line":19,"column":19},"end":{"line":21,"column":5}}]},"12":{"type":"branch","line":21,"loc":{"start":{"line":21,"column":4},"end":{"line":22,"column":19}},"locations":[{"start":{"line":21,"column":4},"end":{"line":22,"column":19}}]},"13":{"type":"branch","line":22,"loc":{"start":{"line":22,"column":19},"end":{"line":24,"column":5}},"locations":[{"start":{"line":22,"column":19},"end":{"line":24,"column":5}}]},"14":{"type":"branch","line":24,"loc":{"start":{"line":24,"column":4},"end":{"line":25,"column":58}},"locations":[{"start":{"line":24,"column":4},"end":{"line":25,"column":58}}]}},"b":{"0":[27],"1":[1],"2":[26],"3":[8],"4":[16],"5":[6],"6":[10],"7":[25],"8":[9],"9":[16],"10":[10],"11":[4],"12":[6],"13":[2],"14":[4]},"fnMap":{"0":{"name":"AdultValidator","decl":{"start":{"line":3,"column":23},"end":{"line":37,"column":2}},"loc":{"start":{"line":3,"column":23},"end":{"line":37,"column":2}},"line":3},"1":{"name":"handleChange","decl":{"start":{"line":11,"column":23},"end":{"line":16,"column":4}},"loc":{"start":{"line":11,"column":23},"end":{"line":16,"column":4}},"line":11},"2":{"name":"getValidationError","decl":{"start":{"line":18,"column":29},"end":{"line":26,"column":4}},"loc":{"start":{"line":18,"column":29},"end":{"line":26,"column":4}},"line":18}},"f":{"0":27,"1":25,"2":10}}
}
